The system is: Linux - 4.4.0-121-generic - x86_64
Compiling the C compiler identification source file "CMakeCCompilerId.c" succeeded.
Compiler: /usr/bin/cc 
Build flags: 
Id flags: 

The output was:
0


Compilation of the C compiler identification source "CMakeCCompilerId.c" produced "a.out"

The C compiler identification is GNU, found in "/home/ww/dlib-19.10/tools/convert_dlib_nets_to_caffe/CMakeFiles/3.5.1/CompilerIdC/a.out"

Compiling the CXX compiler identification source file "CMakeCXXCompilerId.cpp" succeeded.
Compiler: /usr/bin/c++ 
Build flags: 
Id flags: 

The output was:
0


Compilation of the CXX compiler identification source "CMakeCXXCompilerId.cpp" produced "a.out"

The CXX compiler identification is GNU, found in "/home/ww/dlib-19.10/tools/convert_dlib_nets_to_caffe/CMakeFiles/3.5.1/CompilerIdCXX/a.out"

Determining if the C compiler works passed with the following output:
Change Dir: /home/ww/dlib-19.10/tools/convert_dlib_nets_to_caffe/CMakeFiles/CMakeTmp

Run Build Command:"/usr/bin/make" "cmTC_44e71/fast"
/usr/bin/make -f CMakeFiles/cmTC_44e71.dir/build.make CMakeFiles/cmTC_44e71.dir/build
make[1]: Entering directory '/home/ww/dlib-19.10/tools/convert_dlib_nets_to_caffe/CMakeFiles/CMakeTmp'
Building C object CMakeFiles/cmTC_44e71.dir/testCCompiler.c.o
/usr/bin/cc     -o CMakeFiles/cmTC_44e71.dir/testCCompiler.c.o   -c /home/ww/dlib-19.10/tools/convert_dlib_nets_to_caffe/CMakeFiles/CMakeTmp/testCCompiler.c
Linking C executable cmTC_44e71
/usr/bin/cmake -E cmake_link_script CMakeFiles/cmTC_44e71.dir/link.txt --verbose=1
/usr/bin/cc       CMakeFiles/cmTC_44e71.dir/testCCompiler.c.o  -o cmTC_44e71 -rdynamic 
make[1]: Leaving directory '/home/ww/dlib-19.10/tools/convert_dlib_nets_to_caffe/CMakeFiles/CMakeTmp'


Detecting C compiler ABI info compiled with the following output:
Change Dir: /home/ww/dlib-19.10/tools/convert_dlib_nets_to_caffe/CMakeFiles/CMakeTmp

Run Build Command:"/usr/bin/make" "cmTC_8c336/fast"
/usr/bin/make -f CMakeFiles/cmTC_8c336.dir/build.make CMakeFiles/cmTC_8c336.dir/build
make[1]: Entering directory '/home/ww/dlib-19.10/tools/convert_dlib_nets_to_caffe/CMakeFiles/CMakeTmp'
Building C object CMakeFiles/cmTC_8c336.dir/CMakeCCompilerABI.c.o
/usr/bin/cc     -o CMakeFiles/cmTC_8c336.dir/CMakeCCompilerABI.c.o   -c /usr/share/cmake-3.5/Modules/CMakeCCompilerABI.c
Linking C executable cmTC_8c336
/usr/bin/cmake -E cmake_link_script CMakeFiles/cmTC_8c336.dir/link.txt --verbose=1
/usr/bin/cc      -v CMakeFiles/cmTC_8c336.dir/CMakeCCompilerABI.c.o  -o cmTC_8c336 -rdynamic  
Using built-in specs.
COLLECT_GCC=/usr/bin/cc
COLLECT_LTO_WRAPPER=/usr/lib/gcc/x86_64-linux-gnu/5/lto-wrapper
Target: x86_64-linux-gnu
Configured with: ../src/configure -v --with-pkgversion='Ubuntu 5.4.0-6ubuntu1~16.04.9' --with-bugurl=file:///usr/share/doc/gcc-5/README.Bugs --enable-languages=c,ada,c++,java,go,d,fortran,objc,obj-c++ --prefix=/usr --program-suffix=-5 --enable-shared --enable-linker-build-id --libexecdir=/usr/lib --without-included-gettext --enable-threads=posix --libdir=/usr/lib --enable-nls --with-sysroot=/ --enable-clocale=gnu --enable-libstdcxx-debug --enable-libstdcxx-time=yes --with-default-libstdcxx-abi=new --enable-gnu-unique-object --disable-vtable-verify --enable-libmpx --enable-plugin --with-system-zlib --disable-browser-plugin --enable-java-awt=gtk --enable-gtk-cairo --with-java-home=/usr/lib/jvm/java-1.5.0-gcj-5-amd64/jre --enable-java-home --with-jvm-root-dir=/usr/lib/jvm/java-1.5.0-gcj-5-amd64 --with-jvm-jar-dir=/usr/lib/jvm-exports/java-1.5.0-gcj-5-amd64 --with-arch-directory=amd64 --with-ecj-jar=/usr/share/java/eclipse-ecj.jar --enable-objc-gc --enable-multiarch --disable-werror --with-arch-32=i686 --with-abi=m64 --with-multilib-list=m32,m64,mx32 --enable-multilib --with-tune=generic --enable-checking=release --build=x86_64-linux-gnu --host=x86_64-linux-gnu --target=x86_64-linux-gnu
Thread model: posix
gcc version 5.4.0 20160609 (Ubuntu 5.4.0-6ubuntu1~16.04.9) 
COMPILER_PATH=/usr/lib/gcc/x86_64-linux-gnu/5/:/usr/lib/gcc/x86_64-linux-gnu/5/:/usr/lib/gcc/x86_64-linux-gnu/:/usr/lib/gcc/x86_64-linux-gnu/5/:/usr/lib/gcc/x86_64-linux-gnu/
LIBRARY_PATH=/usr/lib/gcc/x86_64-linux-gnu/5/:/usr/lib/gcc/x86_64-linux-gnu/5/../../../x86_64-linux-gnu/:/usr/lib/gcc/x86_64-linux-gnu/5/../../../../lib/:/lib/x86_64-linux-gnu/:/lib/../lib/:/usr/lib/x86_64-linux-gnu/:/usr/lib/../lib/:/usr/lib/gcc/x86_64-linux-gnu/5/../../../:/lib/:/usr/lib/
COLLECT_GCC_OPTIONS='-v' '-o' 'cmTC_8c336' '-rdynamic' '-mtune=generic' '-march=x86-64'
 /usr/lib/gcc/x86_64-linux-gnu/5/collect2 -plugin /usr/lib/gcc/x86_64-linux-gnu/5/liblto_plugin.so -plugin-opt=/usr/lib/gcc/x86_64-linux-gnu/5/lto-wrapper -plugin-opt=-fresolution=/tmp/cc1pOV4w.res -plugin-opt=-pass-through=-lgcc -plugin-opt=-pass-through=-lgcc_s -plugin-opt=-pass-through=-lc -plugin-opt=-pass-through=-lgcc -plugin-opt=-pass-through=-lgcc_s --sysroot=/ --build-id --eh-frame-hdr -m elf_x86_64 --hash-style=gnu --as-needed -export-dynamic -dynamic-linker /lib64/ld-linux-x86-64.so.2 -z relro -o cmTC_8c336 /usr/lib/gcc/x86_64-linux-gnu/5/../../../x86_64-linux-gnu/crt1.o /usr/lib/gcc/x86_64-linux-gnu/5/../../../x86_64-linux-gnu/crti.o /usr/lib/gcc/x86_64-linux-gnu/5/crtbegin.o -L/usr/lib/gcc/x86_64-linux-gnu/5 -L/usr/lib/gcc/x86_64-linux-gnu/5/../../../x86_64-linux-gnu -L/usr/lib/gcc/x86_64-linux-gnu/5/../../../../lib -L/lib/x86_64-linux-gnu -L/lib/../lib -L/usr/lib/x86_64-linux-gnu -L/usr/lib/../lib -L/usr/lib/gcc/x86_64-linux-gnu/5/../../.. CMakeFiles/cmTC_8c336.dir/CMakeCCompilerABI.c.o -lgcc --as-needed -lgcc_s --no-as-needed -lc -lgcc --as-needed -lgcc_s --no-as-needed /usr/lib/gcc/x86_64-linux-gnu/5/crtend.o /usr/lib/gcc/x86_64-linux-gnu/5/../../../x86_64-linux-gnu/crtn.o
make[1]: Leaving directory '/home/ww/dlib-19.10/tools/convert_dlib_nets_to_caffe/CMakeFiles/CMakeTmp'


Parsed C implicit link information from above output:
  link line regex: [^( *|.*[/\])(ld|([^/\]+-)?ld|collect2)[^/\]*( |$)]
  ignore line: [Change Dir: /home/ww/dlib-19.10/tools/convert_dlib_nets_to_caffe/CMakeFiles/CMakeTmp]
  ignore line: []
  ignore line: [Run Build Command:"/usr/bin/make" "cmTC_8c336/fast"]
  ignore line: [/usr/bin/make -f CMakeFiles/cmTC_8c336.dir/build.make CMakeFiles/cmTC_8c336.dir/build]
  ignore line: [make[1]: Entering directory '/home/ww/dlib-19.10/tools/convert_dlib_nets_to_caffe/CMakeFiles/CMakeTmp']
  ignore line: [Building C object CMakeFiles/cmTC_8c336.dir/CMakeCCompilerABI.c.o]
  ignore line: [/usr/bin/cc     -o CMakeFiles/cmTC_8c336.dir/CMakeCCompilerABI.c.o   -c /usr/share/cmake-3.5/Modules/CMakeCCompilerABI.c]
  ignore line: [Linking C executable cmTC_8c336]
  ignore line: [/usr/bin/cmake -E cmake_link_script CMakeFiles/cmTC_8c336.dir/link.txt --verbose=1]
  ignore line: [/usr/bin/cc      -v CMakeFiles/cmTC_8c336.dir/CMakeCCompilerABI.c.o  -o cmTC_8c336 -rdynamic  ]
  ignore line: [Using built-in specs.]
  ignore line: [COLLECT_GCC=/usr/bin/cc]
  ignore line: [COLLECT_LTO_WRAPPER=/usr/lib/gcc/x86_64-linux-gnu/5/lto-wrapper]
  ignore line: [Target: x86_64-linux-gnu]
  ignore line: [Configured with: ../src/configure -v --with-pkgversion='Ubuntu 5.4.0-6ubuntu1~16.04.9' --with-bugurl=file:///usr/share/doc/gcc-5/README.Bugs --enable-languages=c,ada,c++,java,go,d,fortran,objc,obj-c++ --prefix=/usr --program-suffix=-5 --enable-shared --enable-linker-build-id --libexecdir=/usr/lib --without-included-gettext --enable-threads=posix --libdir=/usr/lib --enable-nls --with-sysroot=/ --enable-clocale=gnu --enable-libstdcxx-debug --enable-libstdcxx-time=yes --with-default-libstdcxx-abi=new --enable-gnu-unique-object --disable-vtable-verify --enable-libmpx --enable-plugin --with-system-zlib --disable-browser-plugin --enable-java-awt=gtk --enable-gtk-cairo --with-java-home=/usr/lib/jvm/java-1.5.0-gcj-5-amd64/jre --enable-java-home --with-jvm-root-dir=/usr/lib/jvm/java-1.5.0-gcj-5-amd64 --with-jvm-jar-dir=/usr/lib/jvm-exports/java-1.5.0-gcj-5-amd64 --with-arch-directory=amd64 --with-ecj-jar=/usr/share/java/eclipse-ecj.jar --enable-objc-gc --enable-multiarch --disable-werror --with-arch-32=i686 --with-abi=m64 --with-multilib-list=m32,m64,mx32 --enable-multilib --with-tune=generic --enable-checking=release --build=x86_64-linux-gnu --host=x86_64-linux-gnu --target=x86_64-linux-gnu]
  ignore line: [Thread model: posix]
  ignore line: [gcc version 5.4.0 20160609 (Ubuntu 5.4.0-6ubuntu1~16.04.9) ]
  ignore line: [COMPILER_PATH=/usr/lib/gcc/x86_64-linux-gnu/5/:/usr/lib/gcc/x86_64-linux-gnu/5/:/usr/lib/gcc/x86_64-linux-gnu/:/usr/lib/gcc/x86_64-linux-gnu/5/:/usr/lib/gcc/x86_64-linux-gnu/]
  ignore line: [LIBRARY_PATH=/usr/lib/gcc/x86_64-linux-gnu/5/:/usr/lib/gcc/x86_64-linux-gnu/5/../../../x86_64-linux-gnu/:/usr/lib/gcc/x86_64-linux-gnu/5/../../../../lib/:/lib/x86_64-linux-gnu/:/lib/../lib/:/usr/lib/x86_64-linux-gnu/:/usr/lib/../lib/:/usr/lib/gcc/x86_64-linux-gnu/5/../../../:/lib/:/usr/lib/]
  ignore line: [COLLECT_GCC_OPTIONS='-v' '-o' 'cmTC_8c336' '-rdynamic' '-mtune=generic' '-march=x86-64']
  link line: [ /usr/lib/gcc/x86_64-linux-gnu/5/collect2 -plugin /usr/lib/gcc/x86_64-linux-gnu/5/liblto_plugin.so -plugin-opt=/usr/lib/gcc/x86_64-linux-gnu/5/lto-wrapper -plugin-opt=-fresolution=/tmp/cc1pOV4w.res -plugin-opt=-pass-through=-lgcc -plugin-opt=-pass-through=-lgcc_s -plugin-opt=-pass-through=-lc -plugin-opt=-pass-through=-lgcc -plugin-opt=-pass-through=-lgcc_s --sysroot=/ --build-id --eh-frame-hdr -m elf_x86_64 --hash-style=gnu --as-needed -export-dynamic -dynamic-linker /lib64/ld-linux-x86-64.so.2 -z relro -o cmTC_8c336 /usr/lib/gcc/x86_64-linux-gnu/5/../../../x86_64-linux-gnu/crt1.o /usr/lib/gcc/x86_64-linux-gnu/5/../../../x86_64-linux-gnu/crti.o /usr/lib/gcc/x86_64-linux-gnu/5/crtbegin.o -L/usr/lib/gcc/x86_64-linux-gnu/5 -L/usr/lib/gcc/x86_64-linux-gnu/5/../../../x86_64-linux-gnu -L/usr/lib/gcc/x86_64-linux-gnu/5/../../../../lib -L/lib/x86_64-linux-gnu -L/lib/../lib -L/usr/lib/x86_64-linux-gnu -L/usr/lib/../lib -L/usr/lib/gcc/x86_64-linux-gnu/5/../../.. CMakeFiles/cmTC_8c336.dir/CMakeCCompilerABI.c.o -lgcc --as-needed -lgcc_s --no-as-needed -lc -lgcc --as-needed -lgcc_s --no-as-needed /usr/lib/gcc/x86_64-linux-gnu/5/crtend.o /usr/lib/gcc/x86_64-linux-gnu/5/../../../x86_64-linux-gnu/crtn.o]
    arg [/usr/lib/gcc/x86_64-linux-gnu/5/collect2] ==> ignore
    arg [-plugin] ==> ignore
    arg [/usr/lib/gcc/x86_64-linux-gnu/5/liblto_plugin.so] ==> ignore
    arg [-plugin-opt=/usr/lib/gcc/x86_64-linux-gnu/5/lto-wrapper] ==> ignore
    arg [-plugin-opt=-fresolution=/tmp/cc1pOV4w.res] ==> ignore
    arg [-plugin-opt=-pass-through=-lgcc] ==> ignore
    arg [-plugin-opt=-pass-through=-lgcc_s] ==> ignore
    arg [-plugin-opt=-pass-through=-lc] ==> ignore
    arg [-plugin-opt=-pass-through=-lgcc] ==> ignore
    arg [-plugin-opt=-pass-through=-lgcc_s] ==> ignore
    arg [--sysroot=/] ==> ignore
    arg [--build-id] ==> ignore
    arg [--eh-frame-hdr] ==> ignore
    arg [-m] ==> ignore
    arg [elf_x86_64] ==> ignore
    arg [--hash-style=gnu] ==> ignore
    arg [--as-needed] ==> ignore
    arg [-export-dynamic] ==> ignore
    arg [-dynamic-linker] ==> ignore
    arg [/lib64/ld-linux-x86-64.so.2] ==> ignore
    arg [-zrelro] ==> ignore
    arg [-o] ==> ignore
    arg [cmTC_8c336] ==> ignore
    arg [/usr/lib/gcc/x86_64-linux-gnu/5/../../../x86_64-linux-gnu/crt1.o] ==> ignore
    arg [/usr/lib/gcc/x86_64-linux-gnu/5/../../../x86_64-linux-gnu/crti.o] ==> ignore
    arg [/usr/lib/gcc/x86_64-linux-gnu/5/crtbegin.o] ==> ignore
    arg [-L/usr/lib/gcc/x86_64-linux-gnu/5] ==> dir [/usr/lib/gcc/x86_64-linux-gnu/5]
    arg [-L/usr/lib/gcc/x86_64-linux-gnu/5/../../../x86_64-linux-gnu] ==> dir [/usr/lib/gcc/x86_64-linux-gnu/5/../../../x86_64-linux-gnu]
    arg [-L/usr/lib/gcc/x86_64-linux-gnu/5/../../../../lib] ==> dir [/usr/lib/gcc/x86_64-linux-gnu/5/../../../../lib]
    arg [-L/lib/x86_64-linux-gnu] ==> dir [/lib/x86_64-linux-gnu]
    arg [-L/lib/../lib] ==> dir [/lib/../lib]
    arg [-L/usr/lib/x86_64-linux-gnu] ==> dir [/usr/lib/x86_64-linux-gnu]
    arg [-L/usr/lib/../lib] ==> dir [/usr/lib/../lib]
    arg [-L/usr/lib/gcc/x86_64-linux-gnu/5/../../..] ==> dir [/usr/lib/gcc/x86_64-linux-gnu/5/../../..]
    arg [CMakeFiles/cmTC_8c336.dir/CMakeCCompilerABI.c.o] ==> ignore
    arg [-lgcc] ==> lib [gcc]
    arg [--as-needed] ==> ignore
    arg [-lgcc_s] ==> lib [gcc_s]
    arg [--no-as-needed] ==> ignore
    arg [-lc] ==> lib [c]
    arg [-lgcc] ==> lib [gcc]
    arg [--as-needed] ==> ignore
    arg [-lgcc_s] ==> lib [gcc_s]
    arg [--no-as-needed] ==> ignore
    arg [/usr/lib/gcc/x86_64-linux-gnu/5/crtend.o] ==> ignore
    arg [/usr/lib/gcc/x86_64-linux-gnu/5/../../../x86_64-linux-gnu/crtn.o] ==> ignore
  remove lib [gcc]
  remove lib [gcc_s]
  remove lib [gcc]
  remove lib [gcc_s]
  collapse library dir [/usr/lib/gcc/x86_64-linux-gnu/5] ==> [/usr/lib/gcc/x86_64-linux-gnu/5]
  collapse library dir [/usr/lib/gcc/x86_64-linux-gnu/5/../../../x86_64-linux-gnu] ==> [/usr/lib/x86_64-linux-gnu]
  collapse library dir [/usr/lib/gcc/x86_64-linux-gnu/5/../../../../lib] ==> [/usr/lib]
  collapse library dir [/lib/x86_64-linux-gnu] ==> [/lib/x86_64-linux-gnu]
  collapse library dir [/lib/../lib] ==> [/lib]
  collapse library dir [/usr/lib/x86_64-linux-gnu] ==> [/usr/lib/x86_64-linux-gnu]
  collapse library dir [/usr/lib/../lib] ==> [/usr/lib]
  collapse library dir [/usr/lib/gcc/x86_64-linux-gnu/5/../../..] ==> [/usr/lib]
  implicit libs: [c]
  implicit dirs: [/usr/lib/gcc/x86_64-linux-gnu/5;/usr/lib/x86_64-linux-gnu;/usr/lib;/lib/x86_64-linux-gnu;/lib]
  implicit fwks: []




Detecting C [-std=c11] compiler features compiled with the following output:
Change Dir: /home/ww/dlib-19.10/tools/convert_dlib_nets_to_caffe/CMakeFiles/CMakeTmp

Run Build Command:"/usr/bin/make" "cmTC_6d5a2/fast"
/usr/bin/make -f CMakeFiles/cmTC_6d5a2.dir/build.make CMakeFiles/cmTC_6d5a2.dir/build
make[1]: Entering directory '/home/ww/dlib-19.10/tools/convert_dlib_nets_to_caffe/CMakeFiles/CMakeTmp'
Building C object CMakeFiles/cmTC_6d5a2.dir/feature_tests.c.o
/usr/bin/cc    -std=c11 -o CMakeFiles/cmTC_6d5a2.dir/feature_tests.c.o   -c /home/ww/dlib-19.10/tools/convert_dlib_nets_to_caffe/CMakeFiles/feature_tests.c
Linking C executable cmTC_6d5a2
/usr/bin/cmake -E cmake_link_script CMakeFiles/cmTC_6d5a2.dir/link.txt --verbose=1
/usr/bin/cc       CMakeFiles/cmTC_6d5a2.dir/feature_tests.c.o  -o cmTC_6d5a2 -rdynamic 
make[1]: Leaving directory '/home/ww/dlib-19.10/tools/convert_dlib_nets_to_caffe/CMakeFiles/CMakeTmp'


    Feature record: C_FEATURE:1c_function_prototypes
    Feature record: C_FEATURE:1c_restrict
    Feature record: C_FEATURE:1c_static_assert
    Feature record: C_FEATURE:1c_variadic_macros


Detecting C [-std=c99] compiler features compiled with the following output:
Change Dir: /home/ww/dlib-19.10/tools/convert_dlib_nets_to_caffe/CMakeFiles/CMakeTmp

Run Build Command:"/usr/bin/make" "cmTC_f7e72/fast"
/usr/bin/make -f CMakeFiles/cmTC_f7e72.dir/build.make CMakeFiles/cmTC_f7e72.dir/build
make[1]: Entering directory '/home/ww/dlib-19.10/tools/convert_dlib_nets_to_caffe/CMakeFiles/CMakeTmp'
Building C object CMakeFiles/cmTC_f7e72.dir/feature_tests.c.o
/usr/bin/cc    -std=c99 -o CMakeFiles/cmTC_f7e72.dir/feature_tests.c.o   -c /home/ww/dlib-19.10/tools/convert_dlib_nets_to_caffe/CMakeFiles/feature_tests.c
Linking C executable cmTC_f7e72
/usr/bin/cmake -E cmake_link_script CMakeFiles/cmTC_f7e72.dir/link.txt --verbose=1
/usr/bin/cc       CMakeFiles/cmTC_f7e72.dir/feature_tests.c.o  -o cmTC_f7e72 -rdynamic 
make[1]: Leaving directory '/home/ww/dlib-19.10/tools/convert_dlib_nets_to_caffe/CMakeFiles/CMakeTmp'


    Feature record: C_FEATURE:1c_function_prototypes
    Feature record: C_FEATURE:1c_restrict
    Feature record: C_FEATURE:0c_static_assert
    Feature record: C_FEATURE:1c_variadic_macros


Detecting C [-std=c90] compiler features compiled with the following output:
Change Dir: /home/ww/dlib-19.10/tools/convert_dlib_nets_to_caffe/CMakeFiles/CMakeTmp

Run Build Command:"/usr/bin/make" "cmTC_e5ff0/fast"
/usr/bin/make -f CMakeFiles/cmTC_e5ff0.dir/build.make CMakeFiles/cmTC_e5ff0.dir/build
make[1]: Entering directory '/home/ww/dlib-19.10/tools/convert_dlib_nets_to_caffe/CMakeFiles/CMakeTmp'
Building C object CMakeFiles/cmTC_e5ff0.dir/feature_tests.c.o
/usr/bin/cc    -std=c90 -o CMakeFiles/cmTC_e5ff0.dir/feature_tests.c.o   -c /home/ww/dlib-19.10/tools/convert_dlib_nets_to_caffe/CMakeFiles/feature_tests.c
Linking C executable cmTC_e5ff0
/usr/bin/cmake -E cmake_link_script CMakeFiles/cmTC_e5ff0.dir/link.txt --verbose=1
/usr/bin/cc       CMakeFiles/cmTC_e5ff0.dir/feature_tests.c.o  -o cmTC_e5ff0 -rdynamic 
make[1]: Leaving directory '/home/ww/dlib-19.10/tools/convert_dlib_nets_to_caffe/CMakeFiles/CMakeTmp'


    Feature record: C_FEATURE:1c_function_prototypes
    Feature record: C_FEATURE:0c_restrict
    Feature record: C_FEATURE:0c_static_assert
    Feature record: C_FEATURE:0c_variadic_macros
Determining if the CXX compiler works passed with the following output:
Change Dir: /home/ww/dlib-19.10/tools/convert_dlib_nets_to_caffe/CMakeFiles/CMakeTmp

Run Build Command:"/usr/bin/make" "cmTC_b0a54/fast"
/usr/bin/make -f CMakeFiles/cmTC_b0a54.dir/build.make CMakeFiles/cmTC_b0a54.dir/build
make[1]: Entering directory '/home/ww/dlib-19.10/tools/convert_dlib_nets_to_caffe/CMakeFiles/CMakeTmp'
Building CXX object CMakeFiles/cmTC_b0a54.dir/testCXXCompiler.cxx.o
/usr/bin/c++      -o CMakeFiles/cmTC_b0a54.dir/testCXXCompiler.cxx.o -c /home/ww/dlib-19.10/tools/convert_dlib_nets_to_caffe/CMakeFiles/CMakeTmp/testCXXCompiler.cxx
Linking CXX executable cmTC_b0a54
/usr/bin/cmake -E cmake_link_script CMakeFiles/cmTC_b0a54.dir/link.txt --verbose=1
/usr/bin/c++        CMakeFiles/cmTC_b0a54.dir/testCXXCompiler.cxx.o  -o cmTC_b0a54 -rdynamic 
make[1]: Leaving directory '/home/ww/dlib-19.10/tools/convert_dlib_nets_to_caffe/CMakeFiles/CMakeTmp'


Detecting CXX compiler ABI info compiled with the following output:
Change Dir: /home/ww/dlib-19.10/tools/convert_dlib_nets_to_caffe/CMakeFiles/CMakeTmp

Run Build Command:"/usr/bin/make" "cmTC_8b03a/fast"
/usr/bin/make -f CMakeFiles/cmTC_8b03a.dir/build.make CMakeFiles/cmTC_8b03a.dir/build
make[1]: Entering directory '/home/ww/dlib-19.10/tools/convert_dlib_nets_to_caffe/CMakeFiles/CMakeTmp'
Building CXX object CMakeFiles/cmTC_8b03a.dir/CMakeCXXCompilerABI.cpp.o
/usr/bin/c++      -o CMakeFiles/cmTC_8b03a.dir/CMakeCXXCompilerABI.cpp.o -c /usr/share/cmake-3.5/Modules/CMakeCXXCompilerABI.cpp
Linking CXX executable cmTC_8b03a
/usr/bin/cmake -E cmake_link_script CMakeFiles/cmTC_8b03a.dir/link.txt --verbose=1
/usr/bin/c++       -v CMakeFiles/cmTC_8b03a.dir/CMakeCXXCompilerABI.cpp.o  -o cmTC_8b03a -rdynamic  
Using built-in specs.
COLLECT_GCC=/usr/bin/c++
COLLECT_LTO_WRAPPER=/usr/lib/gcc/x86_64-linux-gnu/5/lto-wrapper
Target: x86_64-linux-gnu
Configured with: ../src/configure -v --with-pkgversion='Ubuntu 5.4.0-6ubuntu1~16.04.9' --with-bugurl=file:///usr/share/doc/gcc-5/README.Bugs --enable-languages=c,ada,c++,java,go,d,fortran,objc,obj-c++ --prefix=/usr --program-suffix=-5 --enable-shared --enable-linker-build-id --libexecdir=/usr/lib --without-included-gettext --enable-threads=posix --libdir=/usr/lib --enable-nls --with-sysroot=/ --enable-clocale=gnu --enable-libstdcxx-debug --enable-libstdcxx-time=yes --with-default-libstdcxx-abi=new --enable-gnu-unique-object --disable-vtable-verify --enable-libmpx --enable-plugin --with-system-zlib --disable-browser-plugin --enable-java-awt=gtk --enable-gtk-cairo --with-java-home=/usr/lib/jvm/java-1.5.0-gcj-5-amd64/jre --enable-java-home --with-jvm-root-dir=/usr/lib/jvm/java-1.5.0-gcj-5-amd64 --with-jvm-jar-dir=/usr/lib/jvm-exports/java-1.5.0-gcj-5-amd64 --with-arch-directory=amd64 --with-ecj-jar=/usr/share/java/eclipse-ecj.jar --enable-objc-gc --enable-multiarch --disable-werror --with-arch-32=i686 --with-abi=m64 --with-multilib-list=m32,m64,mx32 --enable-multilib --with-tune=generic --enable-checking=release --build=x86_64-linux-gnu --host=x86_64-linux-gnu --target=x86_64-linux-gnu
Thread model: posix
gcc version 5.4.0 20160609 (Ubuntu 5.4.0-6ubuntu1~16.04.9) 
COMPILER_PATH=/usr/lib/gcc/x86_64-linux-gnu/5/:/usr/lib/gcc/x86_64-linux-gnu/5/:/usr/lib/gcc/x86_64-linux-gnu/:/usr/lib/gcc/x86_64-linux-gnu/5/:/usr/lib/gcc/x86_64-linux-gnu/
LIBRARY_PATH=/usr/lib/gcc/x86_64-linux-gnu/5/:/usr/lib/gcc/x86_64-linux-gnu/5/../../../x86_64-linux-gnu/:/usr/lib/gcc/x86_64-linux-gnu/5/../../../../lib/:/lib/x86_64-linux-gnu/:/lib/../lib/:/usr/lib/x86_64-linux-gnu/:/usr/lib/../lib/:/usr/lib/gcc/x86_64-linux-gnu/5/../../../:/lib/:/usr/lib/
COLLECT_GCC_OPTIONS='-v' '-o' 'cmTC_8b03a' '-rdynamic' '-shared-libgcc' '-mtune=generic' '-march=x86-64'
 /usr/lib/gcc/x86_64-linux-gnu/5/collect2 -plugin /usr/lib/gcc/x86_64-linux-gnu/5/liblto_plugin.so -plugin-opt=/usr/lib/gcc/x86_64-linux-gnu/5/lto-wrapper -plugin-opt=-fresolution=/tmp/ccGeSkpF.res -plugin-opt=-pass-through=-lgcc_s -plugin-opt=-pass-through=-lgcc -plugin-opt=-pass-through=-lc -plugin-opt=-pass-through=-lgcc_s -plugin-opt=-pass-through=-lgcc --sysroot=/ --build-id --eh-frame-hdr -m elf_x86_64 --hash-style=gnu --as-needed -export-dynamic -dynamic-linker /lib64/ld-linux-x86-64.so.2 -z relro -o cmTC_8b03a /usr/lib/gcc/x86_64-linux-gnu/5/../../../x86_64-linux-gnu/crt1.o /usr/lib/gcc/x86_64-linux-gnu/5/../../../x86_64-linux-gnu/crti.o /usr/lib/gcc/x86_64-linux-gnu/5/crtbegin.o -L/usr/lib/gcc/x86_64-linux-gnu/5 -L/usr/lib/gcc/x86_64-linux-gnu/5/../../../x86_64-linux-gnu -L/usr/lib/gcc/x86_64-linux-gnu/5/../../../../lib -L/lib/x86_64-linux-gnu -L/lib/../lib -L/usr/lib/x86_64-linux-gnu -L/usr/lib/../lib -L/usr/lib/gcc/x86_64-linux-gnu/5/../../.. CMakeFiles/cmTC_8b03a.dir/CMakeCXXCompilerABI.cpp.o -lstdc++ -lm -lgcc_s -lgcc -lc -lgcc_s -lgcc /usr/lib/gcc/x86_64-linux-gnu/5/crtend.o /usr/lib/gcc/x86_64-linux-gnu/5/../../../x86_64-linux-gnu/crtn.o
make[1]: Leaving directory '/home/ww/dlib-19.10/tools/convert_dlib_nets_to_caffe/CMakeFiles/CMakeTmp'


Parsed CXX implicit link information from above output:
  link line regex: [^( *|.*[/\])(ld|([^/\]+-)?ld|collect2)[^/\]*( |$)]
  ignore line: [Change Dir: /home/ww/dlib-19.10/tools/convert_dlib_nets_to_caffe/CMakeFiles/CMakeTmp]
  ignore line: []
  ignore line: [Run Build Command:"/usr/bin/make" "cmTC_8b03a/fast"]
  ignore line: [/usr/bin/make -f CMakeFiles/cmTC_8b03a.dir/build.make CMakeFiles/cmTC_8b03a.dir/build]
  ignore line: [make[1]: Entering directory '/home/ww/dlib-19.10/tools/convert_dlib_nets_to_caffe/CMakeFiles/CMakeTmp']
  ignore line: [Building CXX object CMakeFiles/cmTC_8b03a.dir/CMakeCXXCompilerABI.cpp.o]
  ignore line: [/usr/bin/c++      -o CMakeFiles/cmTC_8b03a.dir/CMakeCXXCompilerABI.cpp.o -c /usr/share/cmake-3.5/Modules/CMakeCXXCompilerABI.cpp]
  ignore line: [Linking CXX executable cmTC_8b03a]
  ignore line: [/usr/bin/cmake -E cmake_link_script CMakeFiles/cmTC_8b03a.dir/link.txt --verbose=1]
  ignore line: [/usr/bin/c++       -v CMakeFiles/cmTC_8b03a.dir/CMakeCXXCompilerABI.cpp.o  -o cmTC_8b03a -rdynamic  ]
  ignore line: [Using built-in specs.]
  ignore line: [COLLECT_GCC=/usr/bin/c++]
  ignore line: [COLLECT_LTO_WRAPPER=/usr/lib/gcc/x86_64-linux-gnu/5/lto-wrapper]
  ignore line: [Target: x86_64-linux-gnu]
  ignore line: [Configured with: ../src/configure -v --with-pkgversion='Ubuntu 5.4.0-6ubuntu1~16.04.9' --with-bugurl=file:///usr/share/doc/gcc-5/README.Bugs --enable-languages=c,ada,c++,java,go,d,fortran,objc,obj-c++ --prefix=/usr --program-suffix=-5 --enable-shared --enable-linker-build-id --libexecdir=/usr/lib --without-included-gettext --enable-threads=posix --libdir=/usr/lib --enable-nls --with-sysroot=/ --enable-clocale=gnu --enable-libstdcxx-debug --enable-libstdcxx-time=yes --with-default-libstdcxx-abi=new --enable-gnu-unique-object --disable-vtable-verify --enable-libmpx --enable-plugin --with-system-zlib --disable-browser-plugin --enable-java-awt=gtk --enable-gtk-cairo --with-java-home=/usr/lib/jvm/java-1.5.0-gcj-5-amd64/jre --enable-java-home --with-jvm-root-dir=/usr/lib/jvm/java-1.5.0-gcj-5-amd64 --with-jvm-jar-dir=/usr/lib/jvm-exports/java-1.5.0-gcj-5-amd64 --with-arch-directory=amd64 --with-ecj-jar=/usr/share/java/eclipse-ecj.jar --enable-objc-gc --enable-multiarch --disable-werror --with-arch-32=i686 --with-abi=m64 --with-multilib-list=m32,m64,mx32 --enable-multilib --with-tune=generic --enable-checking=release --build=x86_64-linux-gnu --host=x86_64-linux-gnu --target=x86_64-linux-gnu]
  ignore line: [Thread model: posix]
  ignore line: [gcc version 5.4.0 20160609 (Ubuntu 5.4.0-6ubuntu1~16.04.9) ]
  ignore line: [COMPILER_PATH=/usr/lib/gcc/x86_64-linux-gnu/5/:/usr/lib/gcc/x86_64-linux-gnu/5/:/usr/lib/gcc/x86_64-linux-gnu/:/usr/lib/gcc/x86_64-linux-gnu/5/:/usr/lib/gcc/x86_64-linux-gnu/]
  ignore line: [LIBRARY_PATH=/usr/lib/gcc/x86_64-linux-gnu/5/:/usr/lib/gcc/x86_64-linux-gnu/5/../../../x86_64-linux-gnu/:/usr/lib/gcc/x86_64-linux-gnu/5/../../../../lib/:/lib/x86_64-linux-gnu/:/lib/../lib/:/usr/lib/x86_64-linux-gnu/:/usr/lib/../lib/:/usr/lib/gcc/x86_64-linux-gnu/5/../../../:/lib/:/usr/lib/]
  ignore line: [COLLECT_GCC_OPTIONS='-v' '-o' 'cmTC_8b03a' '-rdynamic' '-shared-libgcc' '-mtune=generic' '-march=x86-64']
  link line: [ /usr/lib/gcc/x86_64-linux-gnu/5/collect2 -plugin /usr/lib/gcc/x86_64-linux-gnu/5/liblto_plugin.so -plugin-opt=/usr/lib/gcc/x86_64-linux-gnu/5/lto-wrapper -plugin-opt=-fresolution=/tmp/ccGeSkpF.res -plugin-opt=-pass-through=-lgcc_s -plugin-opt=-pass-through=-lgcc -plugin-opt=-pass-through=-lc -plugin-opt=-pass-through=-lgcc_s -plugin-opt=-pass-through=-lgcc --sysroot=/ --build-id --eh-frame-hdr -m elf_x86_64 --hash-style=gnu --as-needed -export-dynamic -dynamic-linker /lib64/ld-linux-x86-64.so.2 -z relro -o cmTC_8b03a /usr/lib/gcc/x86_64-linux-gnu/5/../../../x86_64-linux-gnu/crt1.o /usr/lib/gcc/x86_64-linux-gnu/5/../../../x86_64-linux-gnu/crti.o /usr/lib/gcc/x86_64-linux-gnu/5/crtbegin.o -L/usr/lib/gcc/x86_64-linux-gnu/5 -L/usr/lib/gcc/x86_64-linux-gnu/5/../../../x86_64-linux-gnu -L/usr/lib/gcc/x86_64-linux-gnu/5/../../../../lib -L/lib/x86_64-linux-gnu -L/lib/../lib -L/usr/lib/x86_64-linux-gnu -L/usr/lib/../lib -L/usr/lib/gcc/x86_64-linux-gnu/5/../../.. CMakeFiles/cmTC_8b03a.dir/CMakeCXXCompilerABI.cpp.o -lstdc++ -lm -lgcc_s -lgcc -lc -lgcc_s -lgcc /usr/lib/gcc/x86_64-linux-gnu/5/crtend.o /usr/lib/gcc/x86_64-linux-gnu/5/../../../x86_64-linux-gnu/crtn.o]
    arg [/usr/lib/gcc/x86_64-linux-gnu/5/collect2] ==> ignore
    arg [-plugin] ==> ignore
    arg [/usr/lib/gcc/x86_64-linux-gnu/5/liblto_plugin.so] ==> ignore
    arg [-plugin-opt=/usr/lib/gcc/x86_64-linux-gnu/5/lto-wrapper] ==> ignore
    arg [-plugin-opt=-fresolution=/tmp/ccGeSkpF.res] ==> ignore
    arg [-plugin-opt=-pass-through=-lgcc_s] ==> ignore
    arg [-plugin-opt=-pass-through=-lgcc] ==> ignore
    arg [-plugin-opt=-pass-through=-lc] ==> ignore
    arg [-plugin-opt=-pass-through=-lgcc_s] ==> ignore
    arg [-plugin-opt=-pass-through=-lgcc] ==> ignore
    arg [--sysroot=/] ==> ignore
    arg [--build-id] ==> ignore
    arg [--eh-frame-hdr] ==> ignore
    arg [-m] ==> ignore
    arg [elf_x86_64] ==> ignore
    arg [--hash-style=gnu] ==> ignore
    arg [--as-needed] ==> ignore
    arg [-export-dynamic] ==> ignore
    arg [-dynamic-linker] ==> ignore
    arg [/lib64/ld-linux-x86-64.so.2] ==> ignore
    arg [-zrelro] ==> ignore
    arg [-o] ==> ignore
    arg [cmTC_8b03a] ==> ignore
    arg [/usr/lib/gcc/x86_64-linux-gnu/5/../../../x86_64-linux-gnu/crt1.o] ==> ignore
    arg [/usr/lib/gcc/x86_64-linux-gnu/5/../../../x86_64-linux-gnu/crti.o] ==> ignore
    arg [/usr/lib/gcc/x86_64-linux-gnu/5/crtbegin.o] ==> ignore
    arg [-L/usr/lib/gcc/x86_64-linux-gnu/5] ==> dir [/usr/lib/gcc/x86_64-linux-gnu/5]
    arg [-L/usr/lib/gcc/x86_64-linux-gnu/5/../../../x86_64-linux-gnu] ==> dir [/usr/lib/gcc/x86_64-linux-gnu/5/../../../x86_64-linux-gnu]
    arg [-L/usr/lib/gcc/x86_64-linux-gnu/5/../../../../lib] ==> dir [/usr/lib/gcc/x86_64-linux-gnu/5/../../../../lib]
    arg [-L/lib/x86_64-linux-gnu] ==> dir [/lib/x86_64-linux-gnu]
    arg [-L/lib/../lib] ==> dir [/lib/../lib]
    arg [-L/usr/lib/x86_64-linux-gnu] ==> dir [/usr/lib/x86_64-linux-gnu]
    arg [-L/usr/lib/../lib] ==> dir [/usr/lib/../lib]
    arg [-L/usr/lib/gcc/x86_64-linux-gnu/5/../../..] ==> dir [/usr/lib/gcc/x86_64-linux-gnu/5/../../..]
    arg [CMakeFiles/cmTC_8b03a.dir/CMakeCXXCompilerABI.cpp.o] ==> ignore
    arg [-lstdc++] ==> lib [stdc++]
    arg [-lm] ==> lib [m]
    arg [-lgcc_s] ==> lib [gcc_s]
    arg [-lgcc] ==> lib [gcc]
    arg [-lc] ==> lib [c]
    arg [-lgcc_s] ==> lib [gcc_s]
    arg [-lgcc] ==> lib [gcc]
    arg [/usr/lib/gcc/x86_64-linux-gnu/5/crtend.o] ==> ignore
    arg [/usr/lib/gcc/x86_64-linux-gnu/5/../../../x86_64-linux-gnu/crtn.o] ==> ignore
  remove lib [gcc_s]
  remove lib [gcc]
  remove lib [gcc_s]
  remove lib [gcc]
  collapse library dir [/usr/lib/gcc/x86_64-linux-gnu/5] ==> [/usr/lib/gcc/x86_64-linux-gnu/5]
  collapse library dir [/usr/lib/gcc/x86_64-linux-gnu/5/../../../x86_64-linux-gnu] ==> [/usr/lib/x86_64-linux-gnu]
  collapse library dir [/usr/lib/gcc/x86_64-linux-gnu/5/../../../../lib] ==> [/usr/lib]
  collapse library dir [/lib/x86_64-linux-gnu] ==> [/lib/x86_64-linux-gnu]
  collapse library dir [/lib/../lib] ==> [/lib]
  collapse library dir [/usr/lib/x86_64-linux-gnu] ==> [/usr/lib/x86_64-linux-gnu]
  collapse library dir [/usr/lib/../lib] ==> [/usr/lib]
  collapse library dir [/usr/lib/gcc/x86_64-linux-gnu/5/../../..] ==> [/usr/lib]
  implicit libs: [stdc++;m;c]
  implicit dirs: [/usr/lib/gcc/x86_64-linux-gnu/5;/usr/lib/x86_64-linux-gnu;/usr/lib;/lib/x86_64-linux-gnu;/lib]
  implicit fwks: []




Detecting CXX [-std=c++14] compiler features compiled with the following output:
Change Dir: /home/ww/dlib-19.10/tools/convert_dlib_nets_to_caffe/CMakeFiles/CMakeTmp

Run Build Command:"/usr/bin/make" "cmTC_60658/fast"
/usr/bin/make -f CMakeFiles/cmTC_60658.dir/build.make CMakeFiles/cmTC_60658.dir/build
make[1]: Entering directory '/home/ww/dlib-19.10/tools/convert_dlib_nets_to_caffe/CMakeFiles/CMakeTmp'
Building CXX object CMakeFiles/cmTC_60658.dir/feature_tests.cxx.o
/usr/bin/c++     -std=c++14 -o CMakeFiles/cmTC_60658.dir/feature_tests.cxx.o -c /home/ww/dlib-19.10/tools/convert_dlib_nets_to_caffe/CMakeFiles/feature_tests.cxx
Linking CXX executable cmTC_60658
/usr/bin/cmake -E cmake_link_script CMakeFiles/cmTC_60658.dir/link.txt --verbose=1
/usr/bin/c++        CMakeFiles/cmTC_60658.dir/feature_tests.cxx.o  -o cmTC_60658 -rdynamic 
make[1]: Leaving directory '/home/ww/dlib-19.10/tools/convert_dlib_nets_to_caffe/CMakeFiles/CMakeTmp'


    Feature record: CXX_FEATURE:1cxx_aggregate_default_initializers
    Feature record: CXX_FEATURE:1cxx_alias_templates
    Feature record: CXX_FEATURE:1cxx_alignas
    Feature record: CXX_FEATURE:1cxx_alignof
    Feature record: CXX_FEATURE:1cxx_attributes
    Feature record: CXX_FEATURE:1cxx_attribute_deprecated
    Feature record: CXX_FEATURE:1cxx_auto_type
    Feature record: CXX_FEATURE:1cxx_binary_literals
    Feature record: CXX_FEATURE:1cxx_constexpr
    Feature record: CXX_FEATURE:1cxx_contextual_conversions
    Feature record: CXX_FEATURE:1cxx_decltype
    Feature record: CXX_FEATURE:1cxx_decltype_auto
    Feature record: CXX_FEATURE:1cxx_decltype_incomplete_return_types
    Feature record: CXX_FEATURE:1cxx_default_function_template_args
    Feature record: CXX_FEATURE:1cxx_defaulted_functions
    Feature record: CXX_FEATURE:1cxx_defaulted_move_initializers
    Feature record: CXX_FEATURE:1cxx_delegating_constructors
    Feature record: CXX_FEATURE:1cxx_deleted_functions
    Feature record: CXX_FEATURE:1cxx_digit_separators
    Feature record: CXX_FEATURE:1cxx_enum_forward_declarations
    Feature record: CXX_FEATURE:1cxx_explicit_conversions
    Feature record: CXX_FEATURE:1cxx_extended_friend_declarations
    Feature record: CXX_FEATURE:1cxx_extern_templates
    Feature record: CXX_FEATURE:1cxx_final
    Feature record: CXX_FEATURE:1cxx_func_identifier
    Feature record: CXX_FEATURE:1cxx_generalized_initializers
    Feature record: CXX_FEATURE:1cxx_generic_lambdas
    Feature record: CXX_FEATURE:1cxx_inheriting_constructors
    Feature record: CXX_FEATURE:1cxx_inline_namespaces
    Feature record: CXX_FEATURE:1cxx_lambdas
    Feature record: CXX_FEATURE:1cxx_lambda_init_captures
    Feature record: CXX_FEATURE:1cxx_local_type_template_args
    Feature record: CXX_FEATURE:1cxx_long_long_type
    Feature record: CXX_FEATURE:1cxx_noexcept
    Feature record: CXX_FEATURE:1cxx_nonstatic_member_init
    Feature record: CXX_FEATURE:1cxx_nullptr
    Feature record: CXX_FEATURE:1cxx_override
    Feature record: CXX_FEATURE:1cxx_range_for
    Feature record: CXX_FEATURE:1cxx_raw_string_literals
    Feature record: CXX_FEATURE:1cxx_reference_qualified_functions
    Feature record: CXX_FEATURE:1cxx_relaxed_constexpr
    Feature record: CXX_FEATURE:1cxx_return_type_deduction
    Feature record: CXX_FEATURE:1cxx_right_angle_brackets
    Feature record: CXX_FEATURE:1cxx_rvalue_references
    Feature record: CXX_FEATURE:1cxx_sizeof_member
    Feature record: CXX_FEATURE:1cxx_static_assert
    Feature record: CXX_FEATURE:1cxx_strong_enums
    Feature record: CXX_FEATURE:1cxx_template_template_parameters
    Feature record: CXX_FEATURE:1cxx_thread_local
    Feature record: CXX_FEATURE:1cxx_trailing_return_types
    Feature record: CXX_FEATURE:1cxx_unicode_literals
    Feature record: CXX_FEATURE:1cxx_uniform_initialization
    Feature record: CXX_FEATURE:1cxx_unrestricted_unions
    Feature record: CXX_FEATURE:1cxx_user_literals
    Feature record: CXX_FEATURE:1cxx_variable_templates
    Feature record: CXX_FEATURE:1cxx_variadic_macros
    Feature record: CXX_FEATURE:1cxx_variadic_templates


Detecting CXX [-std=c++11] compiler features compiled with the following output:
Change Dir: /home/ww/dlib-19.10/tools/convert_dlib_nets_to_caffe/CMakeFiles/CMakeTmp

Run Build Command:"/usr/bin/make" "cmTC_5839e/fast"
/usr/bin/make -f CMakeFiles/cmTC_5839e.dir/build.make CMakeFiles/cmTC_5839e.dir/build
make[1]: Entering directory '/home/ww/dlib-19.10/tools/convert_dlib_nets_to_caffe/CMakeFiles/CMakeTmp'
Building CXX object CMakeFiles/cmTC_5839e.dir/feature_tests.cxx.o
/usr/bin/c++     -std=c++11 -o CMakeFiles/cmTC_5839e.dir/feature_tests.cxx.o -c /home/ww/dlib-19.10/tools/convert_dlib_nets_to_caffe/CMakeFiles/feature_tests.cxx
Linking CXX executable cmTC_5839e
/usr/bin/cmake -E cmake_link_script CMakeFiles/cmTC_5839e.dir/link.txt --verbose=1
/usr/bin/c++        CMakeFiles/cmTC_5839e.dir/feature_tests.cxx.o  -o cmTC_5839e -rdynamic 
make[1]: Leaving directory '/home/ww/dlib-19.10/tools/convert_dlib_nets_to_caffe/CMakeFiles/CMakeTmp'


    Feature record: CXX_FEATURE:0cxx_aggregate_default_initializers
    Feature record: CXX_FEATURE:1cxx_alias_templates
    Feature record: CXX_FEATURE:1cxx_alignas
    Feature record: CXX_FEATURE:1cxx_alignof
    Feature record: CXX_FEATURE:1cxx_attributes
    Feature record: CXX_FEATURE:0cxx_attribute_deprecated
    Feature record: CXX_FEATURE:1cxx_auto_type
    Feature record: CXX_FEATURE:0cxx_binary_literals
    Feature record: CXX_FEATURE:1cxx_constexpr
    Feature record: CXX_FEATURE:0cxx_contextual_conversions
    Feature record: CXX_FEATURE:1cxx_decltype
    Feature record: CXX_FEATURE:0cxx_decltype_auto
    Feature record: CXX_FEATURE:1cxx_decltype_incomplete_return_types
    Feature record: CXX_FEATURE:1cxx_default_function_template_args
    Feature record: CXX_FEATURE:1cxx_defaulted_functions
    Feature record: CXX_FEATURE:1cxx_defaulted_move_initializers
    Feature record: CXX_FEATURE:1cxx_delegating_constructors
    Feature record: CXX_FEATURE:1cxx_deleted_functions
    Feature record: CXX_FEATURE:0cxx_digit_separators
    Feature record: CXX_FEATURE:1cxx_enum_forward_declarations
    Feature record: CXX_FEATURE:1cxx_explicit_conversions
    Feature record: CXX_FEATURE:1cxx_extended_friend_declarations
    Feature record: CXX_FEATURE:1cxx_extern_templates
    Feature record: CXX_FEATURE:1cxx_final
    Feature record: CXX_FEATURE:1cxx_func_identifier
    Feature record: CXX_FEATURE:1cxx_generalized_initializers
    Feature record: CXX_FEATURE:0cxx_generic_lambdas
    Feature record: CXX_FEATURE:1cxx_inheriting_constructors
    Feature record: CXX_FEATURE:1cxx_inline_namespaces
    Feature record: CXX_FEATURE:1cxx_lambdas
    Feature record: CXX_FEATURE:0cxx_lambda_init_captures
    Feature record: CXX_FEATURE:1cxx_local_type_template_args
    Feature record: CXX_FEATURE:1cxx_long_long_type
    Feature record: CXX_FEATURE:1cxx_noexcept
    Feature record: CXX_FEATURE:1cxx_nonstatic_member_init
    Feature record: CXX_FEATURE:1cxx_nullptr
    Feature record: CXX_FEATURE:1cxx_override
    Feature record: CXX_FEATURE:1cxx_range_for
    Feature record: CXX_FEATURE:1cxx_raw_string_literals
    Feature record: CXX_FEATURE:1cxx_reference_qualified_functions
    Feature record: CXX_FEATURE:0cxx_relaxed_constexpr
    Feature record: CXX_FEATURE:0cxx_return_type_deduction
    Feature record: CXX_FEATURE:1cxx_right_angle_brackets
    Feature record: CXX_FEATURE:1cxx_rvalue_references
    Feature record: CXX_FEATURE:1cxx_sizeof_member
    Feature record: CXX_FEATURE:1cxx_static_assert
    Feature record: CXX_FEATURE:1cxx_strong_enums
    Feature record: CXX_FEATURE:1cxx_template_template_parameters
    Feature record: CXX_FEATURE:1cxx_thread_local
    Feature record: CXX_FEATURE:1cxx_trailing_return_types
    Feature record: CXX_FEATURE:1cxx_unicode_literals
    Feature record: CXX_FEATURE:1cxx_uniform_initialization
    Feature record: CXX_FEATURE:1cxx_unrestricted_unions
    Feature record: CXX_FEATURE:1cxx_user_literals
    Feature record: CXX_FEATURE:0cxx_variable_templates
    Feature record: CXX_FEATURE:1cxx_variadic_macros
    Feature record: CXX_FEATURE:1cxx_variadic_templates


Detecting CXX [-std=c++98] compiler features compiled with the following output:
Change Dir: /home/ww/dlib-19.10/tools/convert_dlib_nets_to_caffe/CMakeFiles/CMakeTmp

Run Build Command:"/usr/bin/make" "cmTC_07446/fast"
/usr/bin/make -f CMakeFiles/cmTC_07446.dir/build.make CMakeFiles/cmTC_07446.dir/build
make[1]: Entering directory '/home/ww/dlib-19.10/tools/convert_dlib_nets_to_caffe/CMakeFiles/CMakeTmp'
Building CXX object CMakeFiles/cmTC_07446.dir/feature_tests.cxx.o
/usr/bin/c++     -std=c++98 -o CMakeFiles/cmTC_07446.dir/feature_tests.cxx.o -c /home/ww/dlib-19.10/tools/convert_dlib_nets_to_caffe/CMakeFiles/feature_tests.cxx
Linking CXX executable cmTC_07446
/usr/bin/cmake -E cmake_link_script CMakeFiles/cmTC_07446.dir/link.txt --verbose=1
/usr/bin/c++        CMakeFiles/cmTC_07446.dir/feature_tests.cxx.o  -o cmTC_07446 -rdynamic 
make[1]: Leaving directory '/home/ww/dlib-19.10/tools/convert_dlib_nets_to_caffe/CMakeFiles/CMakeTmp'


    Feature record: CXX_FEATURE:0cxx_aggregate_default_initializers
    Feature record: CXX_FEATURE:0cxx_alias_templates
    Feature record: CXX_FEATURE:0cxx_alignas
    Feature record: CXX_FEATURE:0cxx_alignof
    Feature record: CXX_FEATURE:0cxx_attributes
    Feature record: CXX_FEATURE:0cxx_attribute_deprecated
    Feature record: CXX_FEATURE:0cxx_auto_type
    Feature record: CXX_FEATURE:0cxx_binary_literals
    Feature record: CXX_FEATURE:0cxx_constexpr
    Feature record: CXX_FEATURE:0cxx_contextual_conversions
    Feature record: CXX_FEATURE:0cxx_decltype
    Feature record: CXX_FEATURE:0cxx_decltype_auto
    Feature record: CXX_FEATURE:0cxx_decltype_incomplete_return_types
    Feature record: CXX_FEATURE:0cxx_default_function_template_args
    Feature record: CXX_FEATURE:0cxx_defaulted_functions
    Feature record: CXX_FEATURE:0cxx_defaulted_move_initializers
    Feature record: CXX_FEATURE:0cxx_delegating_constructors
    Feature record: CXX_FEATURE:0cxx_deleted_functions
    Feature record: CXX_FEATURE:0cxx_digit_separators
    Feature record: CXX_FEATURE:0cxx_enum_forward_declarations
    Feature record: CXX_FEATURE:0cxx_explicit_conversions
    Feature record: CXX_FEATURE:0cxx_extended_friend_declarations
    Feature record: CXX_FEATURE:0cxx_extern_templates
    Feature record: CXX_FEATURE:0cxx_final
    Feature record: CXX_FEATURE:0cxx_func_identifier
    Feature record: CXX_FEATURE:0cxx_generalized_initializers
    Feature record: CXX_FEATURE:0cxx_generic_lambdas
    Feature record: CXX_FEATURE:0cxx_inheriting_constructors
    Feature record: CXX_FEATURE:0cxx_inline_namespaces
    Feature record: CXX_FEATURE:0cxx_lambdas
    Feature record: CXX_FEATURE:0cxx_lambda_init_captures
    Feature record: CXX_FEATURE:0cxx_local_type_template_args
    Feature record: CXX_FEATURE:0cxx_long_long_type
    Feature record: CXX_FEATURE:0cxx_noexcept
    Feature record: CXX_FEATURE:0cxx_nonstatic_member_init
    Feature record: CXX_FEATURE:0cxx_nullptr
    Feature record: CXX_FEATURE:0cxx_override
    Feature record: CXX_FEATURE:0cxx_range_for
    Feature record: CXX_FEATURE:0cxx_raw_string_literals
    Feature record: CXX_FEATURE:0cxx_reference_qualified_functions
    Feature record: CXX_FEATURE:0cxx_relaxed_constexpr
    Feature record: CXX_FEATURE:0cxx_return_type_deduction
    Feature record: CXX_FEATURE:0cxx_right_angle_brackets
    Feature record: CXX_FEATURE:0cxx_rvalue_references
    Feature record: CXX_FEATURE:0cxx_sizeof_member
    Feature record: CXX_FEATURE:0cxx_static_assert
    Feature record: CXX_FEATURE:0cxx_strong_enums
    Feature record: CXX_FEATURE:1cxx_template_template_parameters
    Feature record: CXX_FEATURE:0cxx_thread_local
    Feature record: CXX_FEATURE:0cxx_trailing_return_types
    Feature record: CXX_FEATURE:0cxx_unicode_literals
    Feature record: CXX_FEATURE:0cxx_uniform_initialization
    Feature record: CXX_FEATURE:0cxx_unrestricted_unions
    Feature record: CXX_FEATURE:0cxx_user_literals
    Feature record: CXX_FEATURE:0cxx_variable_templates
    Feature record: CXX_FEATURE:0cxx_variadic_macros
    Feature record: CXX_FEATURE:0cxx_variadic_templates
Determining if the include file pthread.h exists passed with the following output:
Change Dir: /home/ww/dlib-19.10/tools/convert_dlib_nets_to_caffe/CMakeFiles/CMakeTmp

Run Build Command:"/usr/bin/make" "cmTC_96c39/fast"
/usr/bin/make -f CMakeFiles/cmTC_96c39.dir/build.make CMakeFiles/cmTC_96c39.dir/build
make[1]: Entering directory '/home/ww/dlib-19.10/tools/convert_dlib_nets_to_caffe/CMakeFiles/CMakeTmp'
Building C object CMakeFiles/cmTC_96c39.dir/CheckIncludeFile.c.o
/usr/bin/cc     -o CMakeFiles/cmTC_96c39.dir/CheckIncludeFile.c.o   -c /home/ww/dlib-19.10/tools/convert_dlib_nets_to_caffe/CMakeFiles/CMakeTmp/CheckIncludeFile.c
Linking C executable cmTC_96c39
/usr/bin/cmake -E cmake_link_script CMakeFiles/cmTC_96c39.dir/link.txt --verbose=1
/usr/bin/cc       CMakeFiles/cmTC_96c39.dir/CheckIncludeFile.c.o  -o cmTC_96c39 -rdynamic 
make[1]: Leaving directory '/home/ww/dlib-19.10/tools/convert_dlib_nets_to_caffe/CMakeFiles/CMakeTmp'


Determining if the function pthread_create exists in the pthread passed with the following output:
Change Dir: /home/ww/dlib-19.10/tools/convert_dlib_nets_to_caffe/CMakeFiles/CMakeTmp

Run Build Command:"/usr/bin/make" "cmTC_8aa52/fast"
/usr/bin/make -f CMakeFiles/cmTC_8aa52.dir/build.make CMakeFiles/cmTC_8aa52.dir/build
make[1]: Entering directory '/home/ww/dlib-19.10/tools/convert_dlib_nets_to_caffe/CMakeFiles/CMakeTmp'
Building C object CMakeFiles/cmTC_8aa52.dir/CheckFunctionExists.c.o
/usr/bin/cc    -DCHECK_FUNCTION_EXISTS=pthread_create   -o CMakeFiles/cmTC_8aa52.dir/CheckFunctionExists.c.o   -c /usr/share/cmake-3.5/Modules/CheckFunctionExists.c
Linking C executable cmTC_8aa52
/usr/bin/cmake -E cmake_link_script CMakeFiles/cmTC_8aa52.dir/link.txt --verbose=1
/usr/bin/cc   -DCHECK_FUNCTION_EXISTS=pthread_create    CMakeFiles/cmTC_8aa52.dir/CheckFunctionExists.c.o  -o cmTC_8aa52 -rdynamic -lpthread 
make[1]: Leaving directory '/home/ww/dlib-19.10/tools/convert_dlib_nets_to_caffe/CMakeFiles/CMakeTmp'


Determining if the function XOpenDisplay exists in the /usr/lib/x86_64-linux-gnu/libX11.so;/usr/lib/x86_64-linux-gnu/libXext.so passed with the following output:
Change Dir: /home/ww/dlib-19.10/tools/convert_dlib_nets_to_caffe/CMakeFiles/CMakeTmp

Run Build Command:"/usr/bin/make" "cmTC_9755e/fast"
/usr/bin/make -f CMakeFiles/cmTC_9755e.dir/build.make CMakeFiles/cmTC_9755e.dir/build
make[1]: Entering directory '/home/ww/dlib-19.10/tools/convert_dlib_nets_to_caffe/CMakeFiles/CMakeTmp'
Building C object CMakeFiles/cmTC_9755e.dir/CheckFunctionExists.c.o
/usr/bin/cc    -DCHECK_FUNCTION_EXISTS=XOpenDisplay   -o CMakeFiles/cmTC_9755e.dir/CheckFunctionExists.c.o   -c /usr/share/cmake-3.5/Modules/CheckFunctionExists.c
Linking C executable cmTC_9755e
/usr/bin/cmake -E cmake_link_script CMakeFiles/cmTC_9755e.dir/link.txt --verbose=1
/usr/bin/cc   -DCHECK_FUNCTION_EXISTS=XOpenDisplay    CMakeFiles/cmTC_9755e.dir/CheckFunctionExists.c.o  -o cmTC_9755e -rdynamic /usr/lib/x86_64-linux-gnu/libX11.so /usr/lib/x86_64-linux-gnu/libXext.so 
make[1]: Leaving directory '/home/ww/dlib-19.10/tools/convert_dlib_nets_to_caffe/CMakeFiles/CMakeTmp'


Determining if the function gethostbyname exists passed with the following output:
Change Dir: /home/ww/dlib-19.10/tools/convert_dlib_nets_to_caffe/CMakeFiles/CMakeTmp

Run Build Command:"/usr/bin/make" "cmTC_f099f/fast"
/usr/bin/make -f CMakeFiles/cmTC_f099f.dir/build.make CMakeFiles/cmTC_f099f.dir/build
make[1]: Entering directory '/home/ww/dlib-19.10/tools/convert_dlib_nets_to_caffe/CMakeFiles/CMakeTmp'
Building C object CMakeFiles/cmTC_f099f.dir/CheckFunctionExists.c.o
/usr/bin/cc    -DCHECK_FUNCTION_EXISTS=gethostbyname   -o CMakeFiles/cmTC_f099f.dir/CheckFunctionExists.c.o   -c /usr/share/cmake-3.5/Modules/CheckFunctionExists.c
Linking C executable cmTC_f099f
/usr/bin/cmake -E cmake_link_script CMakeFiles/cmTC_f099f.dir/link.txt --verbose=1
/usr/bin/cc   -DCHECK_FUNCTION_EXISTS=gethostbyname    CMakeFiles/cmTC_f099f.dir/CheckFunctionExists.c.o  -o cmTC_f099f -rdynamic 
make[1]: Leaving directory '/home/ww/dlib-19.10/tools/convert_dlib_nets_to_caffe/CMakeFiles/CMakeTmp'


Determining if the function connect exists passed with the following output:
Change Dir: /home/ww/dlib-19.10/tools/convert_dlib_nets_to_caffe/CMakeFiles/CMakeTmp

Run Build Command:"/usr/bin/make" "cmTC_e0e6f/fast"
/usr/bin/make -f CMakeFiles/cmTC_e0e6f.dir/build.make CMakeFiles/cmTC_e0e6f.dir/build
make[1]: Entering directory '/home/ww/dlib-19.10/tools/convert_dlib_nets_to_caffe/CMakeFiles/CMakeTmp'
Building C object CMakeFiles/cmTC_e0e6f.dir/CheckFunctionExists.c.o
/usr/bin/cc    -DCHECK_FUNCTION_EXISTS=connect   -o CMakeFiles/cmTC_e0e6f.dir/CheckFunctionExists.c.o   -c /usr/share/cmake-3.5/Modules/CheckFunctionExists.c
Linking C executable cmTC_e0e6f
/usr/bin/cmake -E cmake_link_script CMakeFiles/cmTC_e0e6f.dir/link.txt --verbose=1
/usr/bin/cc   -DCHECK_FUNCTION_EXISTS=connect    CMakeFiles/cmTC_e0e6f.dir/CheckFunctionExists.c.o  -o cmTC_e0e6f -rdynamic 
make[1]: Leaving directory '/home/ww/dlib-19.10/tools/convert_dlib_nets_to_caffe/CMakeFiles/CMakeTmp'


Determining if the function remove exists passed with the following output:
Change Dir: /home/ww/dlib-19.10/tools/convert_dlib_nets_to_caffe/CMakeFiles/CMakeTmp

Run Build Command:"/usr/bin/make" "cmTC_80119/fast"
/usr/bin/make -f CMakeFiles/cmTC_80119.dir/build.make CMakeFiles/cmTC_80119.dir/build
make[1]: Entering directory '/home/ww/dlib-19.10/tools/convert_dlib_nets_to_caffe/CMakeFiles/CMakeTmp'
Building C object CMakeFiles/cmTC_80119.dir/CheckFunctionExists.c.o
/usr/bin/cc    -DCHECK_FUNCTION_EXISTS=remove   -o CMakeFiles/cmTC_80119.dir/CheckFunctionExists.c.o   -c /usr/share/cmake-3.5/Modules/CheckFunctionExists.c
Linking C executable cmTC_80119
/usr/bin/cmake -E cmake_link_script CMakeFiles/cmTC_80119.dir/link.txt --verbose=1
/usr/bin/cc   -DCHECK_FUNCTION_EXISTS=remove    CMakeFiles/cmTC_80119.dir/CheckFunctionExists.c.o  -o cmTC_80119 -rdynamic 
make[1]: Leaving directory '/home/ww/dlib-19.10/tools/convert_dlib_nets_to_caffe/CMakeFiles/CMakeTmp'


Determining if the function shmat exists passed with the following output:
Change Dir: /home/ww/dlib-19.10/tools/convert_dlib_nets_to_caffe/CMakeFiles/CMakeTmp

Run Build Command:"/usr/bin/make" "cmTC_bbd9e/fast"
/usr/bin/make -f CMakeFiles/cmTC_bbd9e.dir/build.make CMakeFiles/cmTC_bbd9e.dir/build
make[1]: Entering directory '/home/ww/dlib-19.10/tools/convert_dlib_nets_to_caffe/CMakeFiles/CMakeTmp'
Building C object CMakeFiles/cmTC_bbd9e.dir/CheckFunctionExists.c.o
/usr/bin/cc    -DCHECK_FUNCTION_EXISTS=shmat   -o CMakeFiles/cmTC_bbd9e.dir/CheckFunctionExists.c.o   -c /usr/share/cmake-3.5/Modules/CheckFunctionExists.c
Linking C executable cmTC_bbd9e
/usr/bin/cmake -E cmake_link_script CMakeFiles/cmTC_bbd9e.dir/link.txt --verbose=1
/usr/bin/cc   -DCHECK_FUNCTION_EXISTS=shmat    CMakeFiles/cmTC_bbd9e.dir/CheckFunctionExists.c.o  -o cmTC_bbd9e -rdynamic 
make[1]: Leaving directory '/home/ww/dlib-19.10/tools/convert_dlib_nets_to_caffe/CMakeFiles/CMakeTmp'


Determining if the function IceConnectionNumber exists in the ICE passed with the following output:
Change Dir: /home/ww/dlib-19.10/tools/convert_dlib_nets_to_caffe/CMakeFiles/CMakeTmp

Run Build Command:"/usr/bin/make" "cmTC_2d376/fast"
/usr/bin/make -f CMakeFiles/cmTC_2d376.dir/build.make CMakeFiles/cmTC_2d376.dir/build
make[1]: Entering directory '/home/ww/dlib-19.10/tools/convert_dlib_nets_to_caffe/CMakeFiles/CMakeTmp'
Building C object CMakeFiles/cmTC_2d376.dir/CheckFunctionExists.c.o
/usr/bin/cc    -DCHECK_FUNCTION_EXISTS=IceConnectionNumber   -o CMakeFiles/cmTC_2d376.dir/CheckFunctionExists.c.o   -c /usr/share/cmake-3.5/Modules/CheckFunctionExists.c
Linking C executable cmTC_2d376
/usr/bin/cmake -E cmake_link_script CMakeFiles/cmTC_2d376.dir/link.txt --verbose=1
/usr/bin/cc   -DCHECK_FUNCTION_EXISTS=IceConnectionNumber    CMakeFiles/cmTC_2d376.dir/CheckFunctionExists.c.o  -o cmTC_2d376 -rdynamic -lICE 
make[1]: Leaving directory '/home/ww/dlib-19.10/tools/convert_dlib_nets_to_caffe/CMakeFiles/CMakeTmp'


Determining if the function png_create_read_struct exists passed with the following output:
Change Dir: /home/ww/dlib-19.10/tools/convert_dlib_nets_to_caffe/CMakeFiles/CMakeTmp

Run Build Command:"/usr/bin/make" "cmTC_d1da7/fast"
/usr/bin/make -f CMakeFiles/cmTC_d1da7.dir/build.make CMakeFiles/cmTC_d1da7.dir/build
make[1]: Entering directory '/home/ww/dlib-19.10/tools/convert_dlib_nets_to_caffe/CMakeFiles/CMakeTmp'
Building C object CMakeFiles/cmTC_d1da7.dir/CheckFunctionExists.c.o
/usr/bin/cc    -DCHECK_FUNCTION_EXISTS=png_create_read_struct   -o CMakeFiles/cmTC_d1da7.dir/CheckFunctionExists.c.o   -c /usr/share/cmake-3.5/Modules/CheckFunctionExists.c
Linking C executable cmTC_d1da7
/usr/bin/cmake -E cmake_link_script CMakeFiles/cmTC_d1da7.dir/link.txt --verbose=1
/usr/bin/cc   -DCHECK_FUNCTION_EXISTS=png_create_read_struct    CMakeFiles/cmTC_d1da7.dir/CheckFunctionExists.c.o  -o cmTC_d1da7 -rdynamic /usr/lib/x86_64-linux-gnu/libpng.so /usr/lib/x86_64-linux-gnu/libz.so 
make[1]: Leaving directory '/home/ww/dlib-19.10/tools/convert_dlib_nets_to_caffe/CMakeFiles/CMakeTmp'


Determining if the function jpeg_read_header exists passed with the following output:
Change Dir: /home/ww/dlib-19.10/tools/convert_dlib_nets_to_caffe/CMakeFiles/CMakeTmp

Run Build Command:"/usr/bin/make" "cmTC_57829/fast"
/usr/bin/make -f CMakeFiles/cmTC_57829.dir/build.make CMakeFiles/cmTC_57829.dir/build
make[1]: Entering directory '/home/ww/dlib-19.10/tools/convert_dlib_nets_to_caffe/CMakeFiles/CMakeTmp'
Building C object CMakeFiles/cmTC_57829.dir/CheckFunctionExists.c.o
/usr/bin/cc    -DCHECK_FUNCTION_EXISTS=jpeg_read_header   -o CMakeFiles/cmTC_57829.dir/CheckFunctionExists.c.o   -c /usr/share/cmake-3.5/Modules/CheckFunctionExists.c
Linking C executable cmTC_57829
/usr/bin/cmake -E cmake_link_script CMakeFiles/cmTC_57829.dir/link.txt --verbose=1
/usr/bin/cc   -DCHECK_FUNCTION_EXISTS=jpeg_read_header    CMakeFiles/cmTC_57829.dir/CheckFunctionExists.c.o  -o cmTC_57829 -rdynamic /usr/lib/x86_64-linux-gnu/libjpeg.so 
make[1]: Leaving directory '/home/ww/dlib-19.10/tools/convert_dlib_nets_to_caffe/CMakeFiles/CMakeTmp'


Determining if the include file sys/types.h exists passed with the following output:
Change Dir: /home/ww/dlib-19.10/tools/convert_dlib_nets_to_caffe/CMakeFiles/CMakeTmp

Run Build Command:"/usr/bin/make" "cmTC_1747a/fast"
/usr/bin/make -f CMakeFiles/cmTC_1747a.dir/build.make CMakeFiles/cmTC_1747a.dir/build
make[1]: Entering directory '/home/ww/dlib-19.10/tools/convert_dlib_nets_to_caffe/CMakeFiles/CMakeTmp'
Building C object CMakeFiles/cmTC_1747a.dir/CheckIncludeFile.c.o
/usr/bin/cc     -o CMakeFiles/cmTC_1747a.dir/CheckIncludeFile.c.o   -c /home/ww/dlib-19.10/tools/convert_dlib_nets_to_caffe/CMakeFiles/CMakeTmp/CheckIncludeFile.c
Linking C executable cmTC_1747a
/usr/bin/cmake -E cmake_link_script CMakeFiles/cmTC_1747a.dir/link.txt --verbose=1
/usr/bin/cc       CMakeFiles/cmTC_1747a.dir/CheckIncludeFile.c.o  -o cmTC_1747a -rdynamic 
make[1]: Leaving directory '/home/ww/dlib-19.10/tools/convert_dlib_nets_to_caffe/CMakeFiles/CMakeTmp'


Determining if the include file stdint.h exists passed with the following output:
Change Dir: /home/ww/dlib-19.10/tools/convert_dlib_nets_to_caffe/CMakeFiles/CMakeTmp

Run Build Command:"/usr/bin/make" "cmTC_82e88/fast"
/usr/bin/make -f CMakeFiles/cmTC_82e88.dir/build.make CMakeFiles/cmTC_82e88.dir/build
make[1]: Entering directory '/home/ww/dlib-19.10/tools/convert_dlib_nets_to_caffe/CMakeFiles/CMakeTmp'
Building C object CMakeFiles/cmTC_82e88.dir/CheckIncludeFile.c.o
/usr/bin/cc     -o CMakeFiles/cmTC_82e88.dir/CheckIncludeFile.c.o   -c /home/ww/dlib-19.10/tools/convert_dlib_nets_to_caffe/CMakeFiles/CMakeTmp/CheckIncludeFile.c
Linking C executable cmTC_82e88
/usr/bin/cmake -E cmake_link_script CMakeFiles/cmTC_82e88.dir/link.txt --verbose=1
/usr/bin/cc       CMakeFiles/cmTC_82e88.dir/CheckIncludeFile.c.o  -o cmTC_82e88 -rdynamic 
make[1]: Leaving directory '/home/ww/dlib-19.10/tools/convert_dlib_nets_to_caffe/CMakeFiles/CMakeTmp'


Determining if the include file stddef.h exists passed with the following output:
Change Dir: /home/ww/dlib-19.10/tools/convert_dlib_nets_to_caffe/CMakeFiles/CMakeTmp

Run Build Command:"/usr/bin/make" "cmTC_b3734/fast"
/usr/bin/make -f CMakeFiles/cmTC_b3734.dir/build.make CMakeFiles/cmTC_b3734.dir/build
make[1]: Entering directory '/home/ww/dlib-19.10/tools/convert_dlib_nets_to_caffe/CMakeFiles/CMakeTmp'
Building C object CMakeFiles/cmTC_b3734.dir/CheckIncludeFile.c.o
/usr/bin/cc     -o CMakeFiles/cmTC_b3734.dir/CheckIncludeFile.c.o   -c /home/ww/dlib-19.10/tools/convert_dlib_nets_to_caffe/CMakeFiles/CMakeTmp/CheckIncludeFile.c
Linking C executable cmTC_b3734
/usr/bin/cmake -E cmake_link_script CMakeFiles/cmTC_b3734.dir/link.txt --verbose=1
/usr/bin/cc       CMakeFiles/cmTC_b3734.dir/CheckIncludeFile.c.o  -o cmTC_b3734 -rdynamic 
make[1]: Leaving directory '/home/ww/dlib-19.10/tools/convert_dlib_nets_to_caffe/CMakeFiles/CMakeTmp'


Determining size of void* passed with the following output:
Change Dir: /home/ww/dlib-19.10/tools/convert_dlib_nets_to_caffe/CMakeFiles/CMakeTmp

Run Build Command:"/usr/bin/make" "cmTC_1f5eb/fast"
/usr/bin/make -f CMakeFiles/cmTC_1f5eb.dir/build.make CMakeFiles/cmTC_1f5eb.dir/build
make[1]: Entering directory '/home/ww/dlib-19.10/tools/convert_dlib_nets_to_caffe/CMakeFiles/CMakeTmp'
Building C object CMakeFiles/cmTC_1f5eb.dir/SIZE_OF_VOID_PTR.c.o
/usr/bin/cc     -o CMakeFiles/cmTC_1f5eb.dir/SIZE_OF_VOID_PTR.c.o   -c /home/ww/dlib-19.10/tools/convert_dlib_nets_to_caffe/CMakeFiles/CheckTypeSize/SIZE_OF_VOID_PTR.c
Linking C executable cmTC_1f5eb
/usr/bin/cmake -E cmake_link_script CMakeFiles/cmTC_1f5eb.dir/link.txt --verbose=1
/usr/bin/cc       CMakeFiles/cmTC_1f5eb.dir/SIZE_OF_VOID_PTR.c.o  -o cmTC_1f5eb -rdynamic /usr/lib/x86_64-linux-gnu/libjpeg.so 
make[1]: Leaving directory '/home/ww/dlib-19.10/tools/convert_dlib_nets_to_caffe/CMakeFiles/CMakeTmp'


Determining if the function cblas_ddot exists passed with the following output:
Change Dir: /home/ww/dlib-19.10/tools/convert_dlib_nets_to_caffe/CMakeFiles/CMakeTmp

Run Build Command:"/usr/bin/make" "cmTC_b284f/fast"
/usr/bin/make -f CMakeFiles/cmTC_b284f.dir/build.make CMakeFiles/cmTC_b284f.dir/build
make[1]: Entering directory '/home/ww/dlib-19.10/tools/convert_dlib_nets_to_caffe/CMakeFiles/CMakeTmp'
Building C object CMakeFiles/cmTC_b284f.dir/CheckFunctionExists.c.o
/usr/bin/cc    -DCHECK_FUNCTION_EXISTS=cblas_ddot   -o CMakeFiles/cmTC_b284f.dir/CheckFunctionExists.c.o   -c /usr/share/cmake-3.5/Modules/CheckFunctionExists.c
Linking C executable cmTC_b284f
/usr/bin/cmake -E cmake_link_script CMakeFiles/cmTC_b284f.dir/link.txt --verbose=1
/usr/bin/cc   -DCHECK_FUNCTION_EXISTS=cblas_ddot    CMakeFiles/cmTC_b284f.dir/CheckFunctionExists.c.o  -o cmTC_b284f -rdynamic /usr/lib/libatlas.so /usr/lib/libcblas.so 
make[1]: Leaving directory '/home/ww/dlib-19.10/tools/convert_dlib_nets_to_caffe/CMakeFiles/CMakeTmp'


Determining if the function sgesv_ exists passed with the following output:
Change Dir: /home/ww/dlib-19.10/tools/convert_dlib_nets_to_caffe/CMakeFiles/CMakeTmp

Run Build Command:"/usr/bin/make" "cmTC_dda36/fast"
/usr/bin/make -f CMakeFiles/cmTC_dda36.dir/build.make CMakeFiles/cmTC_dda36.dir/build
make[1]: Entering directory '/home/ww/dlib-19.10/tools/convert_dlib_nets_to_caffe/CMakeFiles/CMakeTmp'
Building C object CMakeFiles/cmTC_dda36.dir/CheckFunctionExists.c.o
/usr/bin/cc    -DCHECK_FUNCTION_EXISTS=sgesv_   -o CMakeFiles/cmTC_dda36.dir/CheckFunctionExists.c.o   -c /usr/share/cmake-3.5/Modules/CheckFunctionExists.c
Linking C executable cmTC_dda36
/usr/bin/cmake -E cmake_link_script CMakeFiles/cmTC_dda36.dir/link.txt --verbose=1
/usr/bin/cc   -DCHECK_FUNCTION_EXISTS=sgesv_    CMakeFiles/cmTC_dda36.dir/CheckFunctionExists.c.o  -o cmTC_dda36 -rdynamic /usr/lib/liblapack.so 
make[1]: Leaving directory '/home/ww/dlib-19.10/tools/convert_dlib_nets_to_caffe/CMakeFiles/CMakeTmp'


Performing C SOURCE FILE Test OpenMP_FLAG_DETECTED succeeded with the following output:
Change Dir: /home/ww/dlib-19.10/tools/convert_dlib_nets_to_caffe/CMakeFiles/CMakeTmp

Run Build Command:"/usr/bin/make" "cmTC_4e12a/fast"
/usr/bin/make -f CMakeFiles/cmTC_4e12a.dir/build.make CMakeFiles/cmTC_4e12a.dir/build
make[1]: Entering directory '/home/ww/dlib-19.10/tools/convert_dlib_nets_to_caffe/CMakeFiles/CMakeTmp'
Building C object CMakeFiles/cmTC_4e12a.dir/src.c.o
/usr/bin/cc    -DOpenMP_FLAG_DETECTED -fopenmp   -o CMakeFiles/cmTC_4e12a.dir/src.c.o   -c /home/ww/dlib-19.10/tools/convert_dlib_nets_to_caffe/CMakeFiles/CMakeTmp/src.c
Linking C executable cmTC_4e12a
/usr/bin/cmake -E cmake_link_script CMakeFiles/cmTC_4e12a.dir/link.txt --verbose=1
/usr/bin/cc   -DOpenMP_FLAG_DETECTED -fopenmp    CMakeFiles/cmTC_4e12a.dir/src.c.o  -o cmTC_4e12a -rdynamic /usr/lib/liblapack.so 
make[1]: Leaving directory '/home/ww/dlib-19.10/tools/convert_dlib_nets_to_caffe/CMakeFiles/CMakeTmp'

Source file was:

#include <omp.h>
int main() {
#ifdef _OPENMP
  return 0;
#else
  breaks_on_purpose
#endif
}

Performing C++ SOURCE FILE Test OpenMP_FLAG_DETECTED succeeded with the following output:
Change Dir: /home/ww/dlib-19.10/tools/convert_dlib_nets_to_caffe/CMakeFiles/CMakeTmp

Run Build Command:"/usr/bin/make" "cmTC_70cba/fast"
/usr/bin/make -f CMakeFiles/cmTC_70cba.dir/build.make CMakeFiles/cmTC_70cba.dir/build
make[1]: Entering directory '/home/ww/dlib-19.10/tools/convert_dlib_nets_to_caffe/CMakeFiles/CMakeTmp'
Building CXX object CMakeFiles/cmTC_70cba.dir/src.cxx.o
/usr/bin/c++     -DOpenMP_FLAG_DETECTED -fopenmp   -o CMakeFiles/cmTC_70cba.dir/src.cxx.o -c /home/ww/dlib-19.10/tools/convert_dlib_nets_to_caffe/CMakeFiles/CMakeTmp/src.cxx
Linking CXX executable cmTC_70cba
/usr/bin/cmake -E cmake_link_script CMakeFiles/cmTC_70cba.dir/link.txt --verbose=1
/usr/bin/c++    -DOpenMP_FLAG_DETECTED -fopenmp    CMakeFiles/cmTC_70cba.dir/src.cxx.o  -o cmTC_70cba -rdynamic /usr/lib/liblapack.so 
make[1]: Leaving directory '/home/ww/dlib-19.10/tools/convert_dlib_nets_to_caffe/CMakeFiles/CMakeTmp'

Source file was:

#include <omp.h>
int main() {
#ifdef _OPENMP
  return 0;
#else
  breaks_on_purpose
#endif
}

