Determining if the pthread_create exist failed with the following output:
Change Dir: /home/ww/dlib-19.10/tools/convert_dlib_nets_to_caffe/CMakeFiles/CMakeTmp

Run Build Command:"/usr/bin/make" "cmTC_64bc0/fast"
/usr/bin/make -f CMakeFiles/cmTC_64bc0.dir/build.make CMakeFiles/cmTC_64bc0.dir/build
make[1]: Entering directory '/home/ww/dlib-19.10/tools/convert_dlib_nets_to_caffe/CMakeFiles/CMakeTmp'
Building C object CMakeFiles/cmTC_64bc0.dir/CheckSymbolExists.c.o
/usr/bin/cc     -o CMakeFiles/cmTC_64bc0.dir/CheckSymbolExists.c.o   -c /home/ww/dlib-19.10/tools/convert_dlib_nets_to_caffe/CMakeFiles/CMakeTmp/CheckSymbolExists.c
Linking C executable cmTC_64bc0
/usr/bin/cmake -E cmake_link_script CMakeFiles/cmTC_64bc0.dir/link.txt --verbose=1
/usr/bin/cc       CMakeFiles/cmTC_64bc0.dir/CheckSymbolExists.c.o  -o cmTC_64bc0 -rdynamic 
CMakeFiles/cmTC_64bc0.dir/CheckSymbolExists.c.o：在函数‘main’中：
CheckSymbolExists.c:(.text+0x16)：对‘pthread_create’未定义的引用
collect2: error: ld returned 1 exit status
CMakeFiles/cmTC_64bc0.dir/build.make:97: recipe for target 'cmTC_64bc0' failed
make[1]: *** [cmTC_64bc0] Error 1
make[1]: Leaving directory '/home/ww/dlib-19.10/tools/convert_dlib_nets_to_caffe/CMakeFiles/CMakeTmp'
Makefile:126: recipe for target 'cmTC_64bc0/fast' failed
make: *** [cmTC_64bc0/fast] Error 2

File /home/ww/dlib-19.10/tools/convert_dlib_nets_to_caffe/CMakeFiles/CMakeTmp/CheckSymbolExists.c:
/* */
#include <pthread.h>

int main(int argc, char** argv)
{
  (void)argv;
#ifndef pthread_create
  return ((int*)(&pthread_create))[argc];
#else
  (void)argc;
  return 0;
#endif
}

Determining if the function pthread_create exists in the pthreads failed with the following output:
Change Dir: /home/ww/dlib-19.10/tools/convert_dlib_nets_to_caffe/CMakeFiles/CMakeTmp

Run Build Command:"/usr/bin/make" "cmTC_e8612/fast"
/usr/bin/make -f CMakeFiles/cmTC_e8612.dir/build.make CMakeFiles/cmTC_e8612.dir/build
make[1]: Entering directory '/home/ww/dlib-19.10/tools/convert_dlib_nets_to_caffe/CMakeFiles/CMakeTmp'
Building C object CMakeFiles/cmTC_e8612.dir/CheckFunctionExists.c.o
/usr/bin/cc    -DCHECK_FUNCTION_EXISTS=pthread_create   -o CMakeFiles/cmTC_e8612.dir/CheckFunctionExists.c.o   -c /usr/share/cmake-3.5/Modules/CheckFunctionExists.c
Linking C executable cmTC_e8612
/usr/bin/cmake -E cmake_link_script CMakeFiles/cmTC_e8612.dir/link.txt --verbose=1
/usr/bin/cc   -DCHECK_FUNCTION_EXISTS=pthread_create    CMakeFiles/cmTC_e8612.dir/CheckFunctionExists.c.o  -o cmTC_e8612 -rdynamic -lpthreads 
/usr/bin/ld: 找不到 -lpthreads
collect2: error: ld returned 1 exit status
CMakeFiles/cmTC_e8612.dir/build.make:97: recipe for target 'cmTC_e8612' failed
make[1]: *** [cmTC_e8612] Error 1
make[1]: Leaving directory '/home/ww/dlib-19.10/tools/convert_dlib_nets_to_caffe/CMakeFiles/CMakeTmp'
Makefile:126: recipe for target 'cmTC_e8612/fast' failed
make: *** [cmTC_e8612/fast] Error 2


Determining if the function sgesv exists failed with the following output:
Change Dir: /home/ww/dlib-19.10/tools/convert_dlib_nets_to_caffe/CMakeFiles/CMakeTmp

Run Build Command:"/usr/bin/make" "cmTC_e0d6d/fast"
/usr/bin/make -f CMakeFiles/cmTC_e0d6d.dir/build.make CMakeFiles/cmTC_e0d6d.dir/build
make[1]: Entering directory '/home/ww/dlib-19.10/tools/convert_dlib_nets_to_caffe/CMakeFiles/CMakeTmp'
Building C object CMakeFiles/cmTC_e0d6d.dir/CheckFunctionExists.c.o
/usr/bin/cc    -DCHECK_FUNCTION_EXISTS=sgesv   -o CMakeFiles/cmTC_e0d6d.dir/CheckFunctionExists.c.o   -c /usr/share/cmake-3.5/Modules/CheckFunctionExists.c
Linking C executable cmTC_e0d6d
/usr/bin/cmake -E cmake_link_script CMakeFiles/cmTC_e0d6d.dir/link.txt --verbose=1
/usr/bin/cc   -DCHECK_FUNCTION_EXISTS=sgesv    CMakeFiles/cmTC_e0d6d.dir/CheckFunctionExists.c.o  -o cmTC_e0d6d -rdynamic /usr/lib/liblapack.so 
CMakeFiles/cmTC_e0d6d.dir/CheckFunctionExists.c.o：在函数‘main’中：
CheckFunctionExists.c:(.text+0x15)：对‘sgesv’未定义的引用
collect2: error: ld returned 1 exit status
CMakeFiles/cmTC_e0d6d.dir/build.make:98: recipe for target 'cmTC_e0d6d' failed
make[1]: *** [cmTC_e0d6d] Error 1
make[1]: Leaving directory '/home/ww/dlib-19.10/tools/convert_dlib_nets_to_caffe/CMakeFiles/CMakeTmp'
Makefile:126: recipe for target 'cmTC_e0d6d/fast' failed
make: *** [cmTC_e0d6d/fast] Error 2


Determining if the function sgetrf_single exists failed with the following output:
Change Dir: /home/ww/dlib-19.10/tools/convert_dlib_nets_to_caffe/CMakeFiles/CMakeTmp

Run Build Command:"/usr/bin/make" "cmTC_58777/fast"
make[1]: Entering directory '/home/ww/dlib-19.10/tools/convert_dlib_nets_to_caffe/CMakeFiles/CMakeTmp'
/usr/bin/make -f CMakeFiles/cmTC_58777.dir/build.make CMakeFiles/cmTC_58777.dir/build
make[2]: Entering directory '/home/ww/dlib-19.10/tools/convert_dlib_nets_to_caffe/CMakeFiles/CMakeTmp'
Building C object CMakeFiles/cmTC_58777.dir/CheckFunctionExists.c.o
/usr/bin/cc    -DCHECK_FUNCTION_EXISTS=sgetrf_single   -o CMakeFiles/cmTC_58777.dir/CheckFunctionExists.c.o   -c /usr/share/cmake-3.5/Modules/CheckFunctionExists.c
Linking C executable cmTC_58777
/usr/bin/cmake -E cmake_link_script CMakeFiles/cmTC_58777.dir/link.txt --verbose=1
/usr/bin/cc   -DCHECK_FUNCTION_EXISTS=sgetrf_single    CMakeFiles/cmTC_58777.dir/CheckFunctionExists.c.o  -o cmTC_58777 -rdynamic /usr/lib/libcblas.so 
CMakeFiles/cmTC_58777.dir/CheckFunctionExists.c.o：在函数‘main’中：
CheckFunctionExists.c:(.text+0x15)：对‘sgetrf_single’未定义的引用
collect2: error: ld returned 1 exit status
CMakeFiles/cmTC_58777.dir/build.make:98: recipe for target 'cmTC_58777' failed
make[2]: *** [cmTC_58777] Error 1
make[2]: Leaving directory '/home/ww/dlib-19.10/tools/convert_dlib_nets_to_caffe/CMakeFiles/CMakeTmp'
Makefile:126: recipe for target 'cmTC_58777/fast' failed
make[1]: *** [cmTC_58777/fast] Error 2
make[1]: Leaving directory '/home/ww/dlib-19.10/tools/convert_dlib_nets_to_caffe/CMakeFiles/CMakeTmp'


